  [1m[35m (4.4ms)[0m  [1m[34mSELECT sqlite_version(*)[0m
  [1m[35m (68.1ms)[0m  [1m[35mCREATE TABLE "schema_migrations" ("version" varchar NOT NULL PRIMARY KEY)[0m
  [1m[35m (73.6ms)[0m  [1m[35mCREATE TABLE "ar_internal_metadata" ("key" varchar NOT NULL PRIMARY KEY, "value" varchar, "created_at" datetime(6) NOT NULL, "updated_at" datetime(6) NOT NULL)[0m
  [1m[35m (0.4ms)[0m  [1m[34mSELECT "schema_migrations"."version" FROM "schema_migrations" ORDER BY "schema_migrations"."version" ASC[0m
Migrating to CreateCars (20191113175341)
  [1m[35m (0.2ms)[0m  [1m[36mbegin transaction[0m
  [1m[35m (0.9ms)[0m  [1m[35mCREATE TABLE "cars" ("id" integer PRIMARY KEY AUTOINCREMENT NOT NULL, "make" varchar, "model" varchar, "year" integer, "created_at" datetime(6) NOT NULL, "updated_at" datetime(6) NOT NULL)[0m
  [1m[36mprimary::SchemaMigration Create (0.4ms)[0m  [1m[32mINSERT INTO "schema_migrations" ("version") VALUES (?)[0m  [["version", "20191113175341"]]
  [1m[35m (76.1ms)[0m  [1m[36mcommit transaction[0m
  [1m[36mActiveRecord::InternalMetadata Load (0.5ms)[0m  [1m[34mSELECT "ar_internal_metadata".* FROM "ar_internal_metadata" WHERE "ar_internal_metadata"."key" = ? LIMIT ?[0m  [["key", "environment"], ["LIMIT", 1]]
  [1m[35m (0.2ms)[0m  [1m[36mbegin transaction[0m
  [1m[36mActiveRecord::InternalMetadata Create (1.8ms)[0m  [1m[32mINSERT INTO "ar_internal_metadata" ("key", "value", "created_at", "updated_at") VALUES (?, ?, ?, ?)[0m  [["key", "environment"], ["value", "development"], ["created_at", "2019-11-13 17:54:02.319890"], ["updated_at", "2019-11-13 17:54:02.319890"]]
  [1m[35m (51.7ms)[0m  [1m[36mcommit transaction[0m
  [1m[35m (0.2ms)[0m  [1m[34mSELECT sqlite_version(*)[0m
  [1m[35m (0.4ms)[0m  [1m[34mSELECT "schema_migrations"."version" FROM "schema_migrations" ORDER BY "schema_migrations"."version" ASC[0m
Started GET "/cars" for ::1 at 2019-11-13 13:51:12 -0600
  [1m[35m (4.5ms)[0m  [1m[34mSELECT sqlite_version(*)[0m
  [1m[35m (0.5ms)[0m  [1m[34mSELECT "schema_migrations"."version" FROM "schema_migrations" ORDER BY "schema_migrations"."version" ASC[0m
Processing by CarsController#index as HTML
  Rendering cars/index.html.erb within layouts/application
  [1m[36mCar Load (13.9ms)[0m  [1m[34mSELECT "cars".* FROM "cars"[0m
  ↳ app/views/cars/index.html.erb:16
  Rendered cars/index.html.erb within layouts/application (Duration: 27.5ms | Allocations: 1689)
[Webpacker] Compiling...
[Webpacker] Compiled all packs in /home/effie/Desktop/odin_on_rails/my_first_rails_app/public/packs
[Webpacker] Hash: 53154d7baad00c6a1252
Version: webpack 4.41.2
Time: 11787ms
Built at: 2019-11-13 13:51:33
                                     Asset       Size       Chunks                         Chunk Names
    js/application-0b67a3cc2fcde6055024.js    124 KiB  application  [emitted] [immutable]  application
js/application-0b67a3cc2fcde6055024.js.map    139 KiB  application  [emitted] [dev]        application
                             manifest.json  364 bytes               [emitted]              
Entrypoint application = js/application-0b67a3cc2fcde6055024.js js/application-0b67a3cc2fcde6055024.js.map
[./app/javascript/channels sync recursive _channel\.js$] ./app/javascript/channels sync _channel\.js$ 160 bytes {application} [built]
[./app/javascript/channels/index.js] 211 bytes {application} [built]
[./app/javascript/packs/application.js] 749 bytes {application} [built]
[./node_modules/webpack/buildin/module.js] (webpack)/buildin/module.js 552 bytes {application} [built]
    + 3 hidden modules

Completed 200 OK in 20695ms (Views: 20598.8ms | ActiveRecord: 14.8ms | Allocations: 25164)


Started GET "/cars/new" for ::1 at 2019-11-13 13:52:52 -0600
Processing by CarsController#new as HTML
  Rendering cars/new.html.erb within layouts/application
  Rendered cars/_form.html.erb (Duration: 147.0ms | Allocations: 7844)
  Rendered cars/new.html.erb within layouts/application (Duration: 159.5ms | Allocations: 8204)
[Webpacker] Everything's up-to-date. Nothing to do
Completed 200 OK in 223ms (Views: 190.2ms | ActiveRecord: 1.8ms | Allocations: 15365)


Started POST "/cars" for ::1 at 2019-11-13 14:00:41 -0600
  [1m[35m (0.4ms)[0m  [1m[34mSELECT sqlite_version(*)[0m
Processing by CarsController#create as HTML
  Parameters: {"authenticity_token"=>"dy52P98g04MWGOaZchGWSyViNsNlEEiYH/RaPI6qGGK1vU2mOBqstS3e120epD39v2P9Kok2V6PoNoD4F0S1GQ==", "car"=>{"make"=>"Japan", "model"=>"Benz", "year"=>"9"}, "commit"=>"Create Car"}
  [1m[35m (0.2ms)[0m  [1m[36mbegin transaction[0m
  ↳ app/controllers/cars_controller.rb:30:in `block in create'
  [1m[36mCar Create (22.7ms)[0m  [1m[32mINSERT INTO "cars" ("make", "model", "year", "created_at", "updated_at") VALUES (?, ?, ?, ?, ?)[0m  [["make", "Japan"], ["model", "Benz"], ["year", 9], ["created_at", "2019-11-13 20:00:41.822278"], ["updated_at", "2019-11-13 20:00:41.822278"]]
  ↳ app/controllers/cars_controller.rb:30:in `block in create'
  [1m[35m (72.1ms)[0m  [1m[36mcommit transaction[0m
  ↳ app/controllers/cars_controller.rb:30:in `block in create'
Redirected to http://localhost:3000/cars/1
Completed 302 Found in 131ms (ActiveRecord: 95.1ms | Allocations: 3884)


Started GET "/cars/1" for ::1 at 2019-11-13 14:00:41 -0600
Processing by CarsController#show as HTML
  Parameters: {"id"=>"1"}
  [1m[36mCar Load (0.6ms)[0m  [1m[34mSELECT "cars".* FROM "cars" WHERE "cars"."id" = ? LIMIT ?[0m  [["id", 1], ["LIMIT", 1]]
  ↳ app/controllers/cars_controller.rb:67:in `set_car'
  Rendering cars/show.html.erb within layouts/application
  Rendered cars/show.html.erb within layouts/application (Duration: 17.3ms | Allocations: 297)
[Webpacker] Everything's up-to-date. Nothing to do
Completed 200 OK in 75ms (Views: 50.7ms | ActiveRecord: 0.6ms | Allocations: 5195)


Started GET "/cars/1/edit" for ::1 at 2019-11-13 14:00:47 -0600
Processing by CarsController#edit as HTML
  Parameters: {"id"=>"1"}
  [1m[36mCar Load (0.3ms)[0m  [1m[34mSELECT "cars".* FROM "cars" WHERE "cars"."id" = ? LIMIT ?[0m  [["id", 1], ["LIMIT", 1]]
  ↳ app/controllers/cars_controller.rb:67:in `set_car'
  Rendering cars/edit.html.erb within layouts/application
  Rendered cars/_form.html.erb (Duration: 6.9ms | Allocations: 995)
  Rendered cars/edit.html.erb within layouts/application (Duration: 9.9ms | Allocations: 1256)
[Webpacker] Everything's up-to-date. Nothing to do
Completed 200 OK in 84ms (Views: 69.9ms | ActiveRecord: 0.3ms | Allocations: 5360)


Started PATCH "/cars/1" for ::1 at 2019-11-13 14:01:00 -0600
Processing by CarsController#update as HTML
  Parameters: {"authenticity_token"=>"z51Y4FBupcDml6ip78M8joMDXsd87nmNx5QzhcCiDarPaLmM3gyCqBdottWnuDiu6qBE+61H13Bhv/kDwxYZ6g==", "car"=>{"make"=>"Japan", "model"=>"Benz", "year"=>"1994"}, "commit"=>"Update Car", "id"=>"1"}
  [1m[36mCar Load (0.3ms)[0m  [1m[34mSELECT "cars".* FROM "cars" WHERE "cars"."id" = ? LIMIT ?[0m  [["id", 1], ["LIMIT", 1]]
  ↳ app/controllers/cars_controller.rb:67:in `set_car'
  [1m[35m (0.2ms)[0m  [1m[36mbegin transaction[0m
  ↳ app/controllers/cars_controller.rb:44:in `block in update'
  [1m[36mCar Update (0.7ms)[0m  [1m[33mUPDATE "cars" SET "year" = ?, "updated_at" = ? WHERE "cars"."id" = ?[0m  [["year", 1994], ["updated_at", "2019-11-13 20:01:00.396605"], ["id", 1]]
  ↳ app/controllers/cars_controller.rb:44:in `block in update'
  [1m[35m (49.9ms)[0m  [1m[36mcommit transaction[0m
  ↳ app/controllers/cars_controller.rb:44:in `block in update'
Redirected to http://localhost:3000/cars/1
Completed 302 Found in 83ms (ActiveRecord: 51.0ms | Allocations: 4294)


Started GET "/cars/1" for ::1 at 2019-11-13 14:01:00 -0600
Processing by CarsController#show as HTML
  Parameters: {"id"=>"1"}
  [1m[36mCar Load (0.4ms)[0m  [1m[34mSELECT "cars".* FROM "cars" WHERE "cars"."id" = ? LIMIT ?[0m  [["id", 1], ["LIMIT", 1]]
  ↳ app/controllers/cars_controller.rb:67:in `set_car'
  Rendering cars/show.html.erb within layouts/application
  Rendered cars/show.html.erb within layouts/application (Duration: 4.5ms | Allocations: 102)
[Webpacker] Everything's up-to-date. Nothing to do
Completed 200 OK in 33ms (Views: 24.6ms | ActiveRecord: 0.4ms | Allocations: 4056)


Started GET "/cars" for ::1 at 2019-11-13 14:01:44 -0600
Processing by CarsController#index as HTML
  Rendering cars/index.html.erb within layouts/application
  [1m[36mCar Load (0.5ms)[0m  [1m[34mSELECT "cars".* FROM "cars"[0m
  ↳ app/views/cars/index.html.erb:16
  Rendered cars/index.html.erb within layouts/application (Duration: 4.3ms | Allocations: 781)
[Webpacker] Everything's up-to-date. Nothing to do
Completed 200 OK in 29ms (Views: 24.6ms | ActiveRecord: 0.5ms | Allocations: 4202)


Started GET "/cars/new" for ::1 at 2019-11-13 14:01:48 -0600
Processing by CarsController#new as HTML
  Rendering cars/new.html.erb within layouts/application
  Rendered cars/_form.html.erb (Duration: 5.0ms | Allocations: 913)
  Rendered cars/new.html.erb within layouts/application (Duration: 5.9ms | Allocations: 1005)
[Webpacker] Everything's up-to-date. Nothing to do
Completed 200 OK in 21ms (Views: 18.5ms | ActiveRecord: 0.0ms | Allocations: 4429)


Started POST "/cars" for ::1 at 2019-11-13 14:02:16 -0600
Processing by CarsController#create as HTML
  Parameters: {"authenticity_token"=>"RgNMGbYzaJGf6TSnAMgDh0dK4Vho2lDBGB917UWd6euEkHeAUQkXp6QvBVNsfagx3UsqsYT8T/rv3a8p3HNEkA==", "car"=>{"make"=>"Uganda", "model"=>"ekyigaari", "year"=>"1990"}, "commit"=>"Create Car"}
  [1m[35m (0.2ms)[0m  [1m[36mbegin transaction[0m
  ↳ app/controllers/cars_controller.rb:30:in `block in create'
  [1m[36mCar Create (0.8ms)[0m  [1m[32mINSERT INTO "cars" ("make", "model", "year", "created_at", "updated_at") VALUES (?, ?, ?, ?, ?)[0m  [["make", "Uganda"], ["model", "ekyigaari"], ["year", 1990], ["created_at", "2019-11-13 20:02:16.080446"], ["updated_at", "2019-11-13 20:02:16.080446"]]
  ↳ app/controllers/cars_controller.rb:30:in `block in create'
  [1m[35m (81.1ms)[0m  [1m[36mcommit transaction[0m
  ↳ app/controllers/cars_controller.rb:30:in `block in create'
Redirected to http://localhost:3000/cars/2
Completed 302 Found in 112ms (ActiveRecord: 82.1ms | Allocations: 3616)


Started GET "/cars/2" for ::1 at 2019-11-13 14:02:16 -0600
Processing by CarsController#show as HTML
  Parameters: {"id"=>"2"}
  [1m[36mCar Load (7.5ms)[0m  [1m[34mSELECT "cars".* FROM "cars" WHERE "cars"."id" = ? LIMIT ?[0m  [["id", 2], ["LIMIT", 1]]
  ↳ app/controllers/cars_controller.rb:67:in `set_car'
  Rendering cars/show.html.erb within layouts/application
  Rendered cars/show.html.erb within layouts/application (Duration: 1.0ms | Allocations: 99)
[Webpacker] Everything's up-to-date. Nothing to do
Completed 200 OK in 62ms (Views: 44.0ms | ActiveRecord: 7.5ms | Allocations: 4052)


